#
# There is insufficient memory for the Java Runtime Environment to continue.
# Native memory allocation (mmap) failed to map 268435456 bytes for Failed to commit area from 0x0000000700e00000 to 0x0000000710e00000 of length 268435456.
# Possible reasons:
#   The system is out of physical RAM or swap space
#   The process is running with CompressedOops enabled, and the Java Heap may be blocking the growth of the native heap
# Possible solutions:
#   Reduce memory load on the system
#   Increase physical memory or swap space
#   Check if swap backing store is full
#   Decrease Java heap size (-Xmx/-Xms)
#   Decrease number of Java threads
#   Decrease Java thread stack sizes (-Xss)
#   Set larger code cache with -XX:ReservedCodeCacheSize=
# This output file may be truncated or incomplete.
#
#  Out of Memory Error (./open/src/hotspot/os/windows/os_windows.cpp:3284), pid=5028, tid=3432
#
# JRE version:  (11.0.14+8) (build )
# Java VM: Java HotSpot(TM) 64-Bit Server VM (11.0.14+8-LTS-263, mixed mode, sharing, tiered, compressed oops, g1 gc, windows-amd64)
# No core dump will be written. Minidumps are not enabled by default on client versions of Windows
#

---------------  S U M M A R Y ------------

Command Line: -Djava.awt.headless=true -Dscanner.home=C:\Users\jonat\.dotnet\tools\.store\dotnet-sonarscanner\5.5.3\dotnet-sonarscanner\5.5.3\tools\net5.0\any\sonar-scanner-4.6.2.2472\bin\.. -Dproject.home=E:\GitHub\inguz-DSPUtil org.sonarsource.scanner.cli.Main -Dsonar.login=2f095a27f0637cb35b5bbdd86fa28114d541fa53 -Dsonar.scanAllFiles=true -Dproject.settings=E:\GitHub\inguz-DSPUtil\.sonarqube\out\sonar-project.properties --from=ScannerMSBuild/5.5.3

Host: Intel(R) Core(TM) i5-6600K CPU @ 3.50GHz, 4 cores, 15G,  Windows 10 , 64 bit Build 19041 (10.0.19041.1566)
Time: Sat Mar 12 17:30:13 2022 GMT Standard Time elapsed time: 0.019977 seconds (0d 0h 0m 0s)

---------------  T H R E A D  ---------------

Current thread (0x000001baa9665800):  JavaThread "Unknown thread" [_thread_in_vm, id=3432, stack(0x000000105dc00000,0x000000105dd00000)]

Stack: [0x000000105dc00000,0x000000105dd00000]
Native frames: (J=compiled Java code, j=interpreted, Vv=VM code, C=native code)
V  [jvm.dll+0x6296da]
V  [jvm.dll+0x76323f]
V  [jvm.dll+0x7648e9]
V  [jvm.dll+0x764f73]
V  [jvm.dll+0x23d7c8]
V  [jvm.dll+0x626a5a]
V  [jvm.dll+0x61b7f5]
V  [jvm.dll+0x2f262c]
V  [jvm.dll+0x2f24b2]
V  [jvm.dll+0x2f71d6]
V  [jvm.dll+0x339bdf]
V  [jvm.dll+0x339610]
V  [jvm.dll+0x2cfc48]
V  [jvm.dll+0x2d0db6]
V  [jvm.dll+0x73d857]
V  [jvm.dll+0x73f0ef]
V  [jvm.dll+0x346909]
V  [jvm.dll+0x723160]
V  [jvm.dll+0x3b551f]
V  [jvm.dll+0x3b7631]
C  [jli.dll+0x5207]
C  [ucrtbase.dll+0x21bb2]
C  [KERNEL32.DLL+0x17034]
C  [ntdll.dll+0x52651]


---------------  P R O C E S S  ---------------

Threads class SMR info:
_java_thread_list=0x000001baa75016e0, length=0, elements={
}

Java Threads: ( => current thread )

Other Threads:
  0x000001baa967c800 GCTaskThread "GC Thread#0" [stack: 0x000000105dd00000,0x000000105de00000] [id=20328]
  0x000001baa96d7800 ConcurrentGCThread "G1 Main Marker" [stack: 0x000000105de00000,0x000000105df00000] [id=16528]
  0x000001baa96d9000 ConcurrentGCThread "G1 Conc#0" [stack: 0x000000105df00000,0x000000105e000000] [id=17032]

[error occurred during error reporting (printing all threads), id 0xc0000005, EXCEPTION_ACCESS_VIOLATION (0xc0000005) at pc=0x00007ffe6346eed7]

VM state:not at safepoint (not fully initialized)

VM Mutex/Monitor currently owned by a thread:  ([mutex/lock_event])
[0x000001baa96638b0] Heap_lock - owner thread: 0x000001baa9665800

Heap address: 0x0000000700e00000, size: 4082 MB, Compressed Oops mode: Non-zero based: 0x0000000700e00000
Narrow klass base: 0x0000000000000000, Narrow klass shift: 0

GC Heap History (0 events):
No events

Deoptimization events (0 events):
No events

Classes redefined (0 events):
No events

Internal exceptions (0 events):
No events

Events (0 events):
No events


Dynamic libraries:
0x00007ff766380000 - 0x00007ff76638f000 	C:\Program Files\Java\jdk-11.0.14\bin\java.exe
0x00007ffeabdb0000 - 0x00007ffeabfa5000 	C:\WINDOWS\SYSTEM32\ntdll.dll
0x00007ffeab460000 - 0x00007ffeab51e000 	C:\WINDOWS\System32\KERNEL32.DLL
0x00007ffea96e0000 - 0x00007ffea99a8000 	C:\WINDOWS\System32\KERNELBASE.dll
0x00007ffea9b50000 - 0x00007ffea9c50000 	C:\WINDOWS\System32\ucrtbase.dll
0x00007ffe8f690000 - 0x00007ffe8f6a8000 	C:\Program Files\Java\jdk-11.0.14\bin\jli.dll
0x00007ffe8f6b0000 - 0x00007ffe8f6c5000 	C:\Program Files\Java\jdk-11.0.14\bin\VCRUNTIME140.dll
0x00007ffeaaaa0000 - 0x00007ffeaab4e000 	C:\WINDOWS\System32\ADVAPI32.dll
0x00007ffeaa820000 - 0x00007ffeaa8be000 	C:\WINDOWS\System32\msvcrt.dll
0x00007ffeaaa00000 - 0x00007ffeaaa9c000 	C:\WINDOWS\System32\sechost.dll
0x00007ffeab190000 - 0x00007ffeab2b5000 	C:\WINDOWS\System32\RPCRT4.dll
0x00007ffeab2c0000 - 0x00007ffeab460000 	C:\WINDOWS\System32\USER32.dll
0x00007ffea9660000 - 0x00007ffea9682000 	C:\WINDOWS\System32\win32u.dll
0x00007ffeab990000 - 0x00007ffeab9bb000 	C:\WINDOWS\System32\GDI32.dll
0x00007ffe96840000 - 0x00007ffe96ada000 	C:\WINDOWS\WinSxS\amd64_microsoft.windows.common-controls_6595b64144ccf1df_6.0.19041.1110_none_60b5254171f9507e\COMCTL32.dll
0x00007ffea9a40000 - 0x00007ffea9b4b000 	C:\WINDOWS\System32\gdi32full.dll
0x00007ffea9c50000 - 0x00007ffea9ced000 	C:\WINDOWS\System32\msvcp_win.dll
0x00007ffea33a0000 - 0x00007ffea33aa000 	C:\WINDOWS\SYSTEM32\VERSION.dll
0x00007ffeabc70000 - 0x00007ffeabca0000 	C:\WINDOWS\System32\IMM32.DLL
0x00007ffe7e2a0000 - 0x00007ffe7e33b000 	C:\Program Files\Java\jdk-11.0.14\bin\msvcp140.dll
0x00007ffe63190000 - 0x00007ffe63ca6000 	C:\Program Files\Java\jdk-11.0.14\bin\server\jvm.dll
0x00007ffeaacb0000 - 0x00007ffeaacb8000 	C:\WINDOWS\System32\PSAPI.DLL
0x00007ffe8e580000 - 0x00007ffe8e589000 	C:\WINDOWS\SYSTEM32\WSOCK32.dll
0x00007ffea2ab0000 - 0x00007ffea2ad7000 	C:\WINDOWS\SYSTEM32\WINMM.dll
0x00007ffeaabc0000 - 0x00007ffeaac2b000 	C:\WINDOWS\System32\WS2_32.dll
0x00007ffea7dc0000 - 0x00007ffea7dd2000 	C:\WINDOWS\SYSTEM32\kernel.appcore.dll
0x00007ffe91610000 - 0x00007ffe91620000 	C:\Program Files\Java\jdk-11.0.14\bin\verify.dll
0x00007ffe98070000 - 0x00007ffe98254000 	C:\WINDOWS\SYSTEM32\DBGHELP.DLL
0x00007ffe8e550000 - 0x00007ffe8e57c000 	C:\WINDOWS\SYSTEM32\dbgcore.DLL
0x00007ffea99b0000 - 0x00007ffea9a32000 	C:\WINDOWS\System32\bcryptPrimitives.dll
0x00007ffe8f080000 - 0x00007ffe8f0a8000 	C:\Program Files\Java\jdk-11.0.14\bin\java.dll
0x00007ffe8ea10000 - 0x00007ffe8ea1a000 	C:\Program Files\Java\jdk-11.0.14\bin\jimage.dll
0x00007ffe8e9f0000 - 0x00007ffe8ea06000 	C:\Program Files\Java\jdk-11.0.14\bin\zip.dll

dbghelp: loaded successfully - version: 4.0.5 - missing functions: none
symbol engine: initialized successfully - sym options: 0x614 - pdb path: .;C:\Program Files\Java\jdk-11.0.14\bin;C:\WINDOWS\SYSTEM32;C:\WINDOWS\WinSxS\amd64_microsoft.windows.common-controls_6595b64144ccf1df_6.0.19041.1110_none_60b5254171f9507e;C:\Program Files\Java\jdk-11.0.14\bin\server

VM Arguments:
jvm_args: -Djava.awt.headless=true -Dscanner.home=C:\Users\jonat\.dotnet\tools\.store\dotnet-sonarscanner\5.5.3\dotnet-sonarscanner\5.5.3\tools\net5.0\any\sonar-scanner-4.6.2.2472\bin\.. -Dproject.home=E:\GitHub\inguz-DSPUtil 
java_command: org.sonarsource.scanner.cli.Main -Dsonar.login=2f095a27f0637cb35b5bbdd86fa28114d541fa53 -Dsonar.scanAllFiles=true -Dproject.settings=E:\GitHub\inguz-DSPUtil\.sonarqube\out\sonar-project.properties --from=ScannerMSBuild/5.5.3
java_class_path (initial): C:\Users\jonat\.dotnet\tools\.store\dotnet-sonarscanner\5.5.3\dotnet-sonarscanner\5.5.3\tools\net5.0\any\sonar-scanner-4.6.2.2472\bin\..\lib\sonar-scanner-cli-4.6.2.2472.jar
Launcher Type: SUN_STANDARD

[Global flags]
     intx CICompilerCount                          = 3                                         {product} {ergonomic}
     uint ConcGCThreads                            = 1                                         {product} {ergonomic}
     uint G1ConcRefinementThreads                  = 4                                         {product} {ergonomic}
   size_t G1HeapRegionSize                         = 1048576                                   {product} {ergonomic}
    uintx GCDrainStackTargetSize                   = 64                                        {product} {ergonomic}
   size_t InitialHeapSize                          = 268435456                                 {product} {ergonomic}
   size_t MarkStackSize                            = 4194304                                   {product} {ergonomic}
   size_t MaxHeapSize                              = 4280287232                                {product} {ergonomic}
   size_t MinHeapDeltaBytes                        = 1048576                                   {product} {ergonomic}
    uintx NonNMethodCodeHeapSize                   = 5830732                                {pd product} {ergonomic}
    uintx NonProfiledCodeHeapSize                  = 122913754                              {pd product} {ergonomic}
    uintx ProfiledCodeHeapSize                     = 122913754                              {pd product} {ergonomic}
    uintx ReservedCodeCacheSize                    = 251658240                              {pd product} {ergonomic}
     bool SegmentedCodeCache                       = true                                      {product} {ergonomic}
     bool UseCompressedClassPointers               = true                                 {lp64_product} {ergonomic}
     bool UseCompressedOops                        = true                                 {lp64_product} {ergonomic}
     bool UseG1GC                                  = true                                      {product} {ergonomic}
     bool UseLargePagesIndividualAllocation        = false                                  {pd product} {ergonomic}

Logging:
Log output configuration:
 #0: stdout all=warning uptime,level,tags
 #1: stderr all=off uptime,level,tags

Environment Variables:
PATH=C:\Program Files\Common Files\Oracle\Java\javapath;C:\Program Files (x86)\Common Files\Oracle\Java\javapath;C:\ProgramData\Oracle\Java\javapath;C:\Windows\system32;C:\Windows;C:\Windows\System32\Wbem;C:\Windows\System32\WindowsPowerShell\v1.0\;C:\Program Files\Crucial\Crucial Storage Executive;C:\Program Files (x86)\NVIDIA Corporation\PhysX\Common;C:\WINDOWS\system32;C:\WINDOWS;C:\WINDOWS\System32\Wbem;C:\WINDOWS\System32\WindowsPowerShell\v1.0\;C:\WINDOWS\System32\OpenSSH\;C:\Program Files\NVIDIA Corporation\NVIDIA NvDLISR;C:\Program Files (x86)\Bitvise SSH Client;C:\WINDOWS\system32;C:\WINDOWS;C:\WINDOWS\System32\Wbem;C:\WINDOWS\System32\WindowsPowerShell\v1.0\;C:\WINDOWS\System32\OpenSSH\;C:\Program Files\PuTTY\;C:\Program Files\dotnet\;C:\Program Files (x86)\dotnet\;C:\Program Files\Git\cmd;C:\Users\jonat\AppData\Local\Microsoft\WindowsApps;C:\Program Files (x86)\Nmap;C:\Users\jonat\AppData\Local\Programs\Microsoft VS Code\bin;C:\Users\jonat\.dotnet\tools;C:\Program Files (x86)\Squeezebox\server\Bin\MSWin32-x86-multi-thread;C:\Users\jonat\AppData\Local\GitHubDesktop\bin
USERNAME=jonat
OS=Windows_NT
PROCESSOR_IDENTIFIER=Intel64 Family 6 Model 94 Stepping 3, GenuineIntel



---------------  S Y S T E M  ---------------

OS: Windows 10 , 64 bit Build 19041 (10.0.19041.1566)

CPU:total 4 (initial active 4) (4 cores per cpu, 1 threads per core) family 6 model 94 stepping 3 microcode 0xcc, cmov, cx8, fxsr, mmx, sse, sse2, sse3, ssse3, sse4.1, sse4.2, popcnt, avx, avx2, aes, clmul, erms, rtm, 3dnowpref, lzcnt, tsc, tscinvbit, bmi1, bmi2, adx, fma

Memory: 4k page, system-wide physical 16325M (4883M free)
TotalPageFile size 16325M (AvailPageFile size 86M)
current process WorkingSet (physical memory assigned to process): 9M, peak: 9M
current process commit charge ("private bytes"): 52M, peak: 308M

vm_info: Java HotSpot(TM) 64-Bit Server VM (11.0.14+8-LTS-263) for windows-amd64 JRE (11.0.14+8-LTS-263), built on Dec  7 2021 21:53:57 by "mach5one" with MS VC++ 15.9 (VS2017)

END.
